<?xml version="1.0" encoding="UTF-8"?>
<testsuite name="Vector2dTest" tests="9" skipped="0" failures="0" errors="0" timestamp="2021-10-23T11:36:07" hostname="loloxon" time="0.039">
  <properties/>
  <testcase name="upperRightTest()" classname="Vector2dTest" time="0.019"/>
  <testcase name="addTest()" classname="Vector2dTest" time="0.001"/>
  <testcase name="precedesTest()" classname="Vector2dTest" time="0.002"/>
  <testcase name="oppositeTest()" classname="Vector2dTest" time="0.001"/>
  <testcase name="lowerLeftTest()" classname="Vector2dTest" time="0.001"/>
  <testcase name="equalsTest()" classname="Vector2dTest" time="0.001"/>
  <testcase name="toStringTest()" classname="Vector2dTest" time="0.006"/>
  <testcase name="subtractTest()" classname="Vector2dTest" time="0.001"/>
  <testcase name="followsTest()" classname="Vector2dTest" time="0.0"/>
  <system-out><![CDATA[]]></system-out>
  <system-err><![CDATA[]]></system-err>
</testsuite>
