<?xml version="1.0" encoding="UTF-8"?>
<testsuite name="AnimalTest" tests="1" skipped="0" failures="0" errors="0" timestamp="2021-11-11T19:31:01" hostname="loloxon" time="0.022">
  <properties/>
  <testcase name="AnimalsTest()" classname="AnimalTest" time="0.022"/>
  <system-out><![CDATA[ y\x  0 1 2 3 4 5 6 7 8
  7: -------------------
  6: | | | | | | | | | |
  5: | | | | | | | | | |
  4: | | | |^| | | | | |
  3: | | | | | | | | | |
  2: | | |^| | | | | | |
  1: | | | | | | |^| | |
  0: | | | | | | | | | |
 -1: -------------------

]]></system-out>
  <system-err><![CDATA[]]></system-err>
</testsuite>
