<?xml version="1.0" encoding="UTF-8"?>
<testsuite name="GrassFieldTest" tests="1" skipped="0" failures="0" errors="0" timestamp="2021-11-27T10:38:35" hostname="loloxon" time="0.026">
  <properties/>
  <testcase name="GrassFieldTest()" classname="GrassFieldTest" time="0.026"/>
  <system-out><![CDATA[ y\x  0 1 2 3 4 5 6
 10: ---------------
  9: | |*| | | | | |
  8: | |*| |*| | | |
  7: |*| | | | | |*|
  6: |*| | | | | | |
  5: | | | | |*| | |
  4: | | | |^| | | |
  3: |*| | | | | | |
  2: | | |^| | |*| |
  1: | | | | | | | |
  0: |*| | | | | | |
 -1: ---------------

]]></system-out>
  <system-err><![CDATA[]]></system-err>
</testsuite>
