<?xml version="1.0" encoding="UTF-8"?>
<testsuite name="OptionParserTest" tests="1" skipped="0" failures="0" errors="0" timestamp="2021-11-29T20:04:59" hostname="loloxon" time="0.017">
  <properties/>
  <testcase name="parseTestThrow()" classname="OptionParserTest" time="0.017"/>
  <system-out><![CDATA[]]></system-out>
  <system-err><![CDATA[]]></system-err>
</testsuite>
